[2023-06-15 07:19:36] local.ERROR: Undefined index: name {"exception":"[object] (ErrorException(code: 0): Undefined index: name at D:\\source\\medv2\\vendor\\laravel\\framework\\src\\Illuminate\\Foundation\\PackageManifest.php:120)
[stacktrace]
#0 D:\\source\\medv2\\vendor\\laravel\\framework\\src\\Illuminate\\Foundation\\PackageManifest.php(120): Illuminate\\Foundation\\Bootstrap\\HandleExceptions->handleError(8, 'Undefined index...', 'D:\\\\source\\\\medv2...', 120, Array)
#1 D:\\source\\medv2\\vendor\\laravel\\framework\\src\\Illuminate\\Support\\Collection.php(988): Illuminate\\Foundation\\PackageManifest->Illuminate\\Foundation\\{closure}(Array, 'packages')
#2 D:\\source\\medv2\\vendor\\laravel\\framework\\src\\Illuminate\\Foundation\\PackageManifest.php(121): Illuminate\\Support\\Collection->mapWithKeys(Object(Closure))
#3 D:\\source\\medv2\\vendor\\laravel\\framework\\src\\Illuminate\\Foundation\\PackageManifest.php(97): Illuminate\\Foundation\\PackageManifest->build()
#4 D:\\source\\medv2\\vendor\\laravel\\framework\\src\\Illuminate\\Foundation\\PackageManifest.php(80): Illuminate\\Foundation\\PackageManifest->getManifest()
#5 D:\\source\\medv2\\vendor\\laravel\\framework\\src\\Illuminate\\Foundation\\Bootstrap\\RegisterFacades.php(26): Illuminate\\Foundation\\PackageManifest->aliases()
#6 D:\\source\\medv2\\vendor\\laravel\\framework\\src\\Illuminate\\Foundation\\Application.php(206): Illuminate\\Foundation\\Bootstrap\\RegisterFacades->bootstrap(Object(Illuminate\\Foundation\\Application))
#7 D:\\source\\medv2\\vendor\\laravel\\framework\\src\\Illuminate\\Foundation\\Console\\Kernel.php(297): Illuminate\\Foundation\\Application->bootstrapWith(Array)
#8 D:\\source\\medv2\\vendor\\laravel\\framework\\src\\Illuminate\\Foundation\\Console\\Kernel.php(120): Illuminate\\Foundation\\Console\\Kernel->bootstrap()
#9 Command line code(1): Illuminate\\Foundation\\Console\\Kernel->handle(Object(Symfony\\Component\\Console\\Input\\ArgvInput), Object(Symfony\\Component\\Console\\Output\\ConsoleOutput))
#10 {main}
"} 
[2023-06-15 07:19:47] local.ERROR: Undefined index: name {"exception":"[object] (ErrorException(code: 0): Undefined index: name at D:\\source\\medv2\\vendor\\laravel\\framework\\src\\Illuminate\\Foundation\\PackageManifest.php:120)
[stacktrace]
#0 D:\\source\\medv2\\vendor\\laravel\\framework\\src\\Illuminate\\Foundation\\PackageManifest.php(120): Illuminate\\Foundation\\Bootstrap\\HandleExceptions->handleError(8, 'Undefined index...', 'D:\\\\source\\\\medv2...', 120, Array)
#1 D:\\source\\medv2\\vendor\\laravel\\framework\\src\\Illuminate\\Support\\Collection.php(988): Illuminate\\Foundation\\PackageManifest->Illuminate\\Foundation\\{closure}(Array, 'packages')
#2 D:\\source\\medv2\\vendor\\laravel\\framework\\src\\Illuminate\\Foundation\\PackageManifest.php(121): Illuminate\\Support\\Collection->mapWithKeys(Object(Closure))
#3 D:\\source\\medv2\\vendor\\laravel\\framework\\src\\Illuminate\\Foundation\\PackageManifest.php(97): Illuminate\\Foundation\\PackageManifest->build()
#4 D:\\source\\medv2\\vendor\\laravel\\framework\\src\\Illuminate\\Foundation\\PackageManifest.php(80): Illuminate\\Foundation\\PackageManifest->getManifest()
#5 D:\\source\\medv2\\vendor\\laravel\\framework\\src\\Illuminate\\Foundation\\Bootstrap\\RegisterFacades.php(26): Illuminate\\Foundation\\PackageManifest->aliases()
#6 D:\\source\\medv2\\vendor\\laravel\\framework\\src\\Illuminate\\Foundation\\Application.php(206): Illuminate\\Foundation\\Bootstrap\\RegisterFacades->bootstrap(Object(Illuminate\\Foundation\\Application))
#7 D:\\source\\medv2\\vendor\\laravel\\framework\\src\\Illuminate\\Foundation\\Console\\Kernel.php(297): Illuminate\\Foundation\\Application->bootstrapWith(Array)
#8 D:\\source\\medv2\\vendor\\laravel\\framework\\src\\Illuminate\\Foundation\\Console\\Kernel.php(120): Illuminate\\Foundation\\Console\\Kernel->bootstrap()
#9 Command line code(1): Illuminate\\Foundation\\Console\\Kernel->handle(Object(Symfony\\Component\\Console\\Input\\ArgvInput), Object(Symfony\\Component\\Console\\Output\\ConsoleOutput))
#10 {main}
"} 
[2023-06-15 07:19:47] local.ERROR: Undefined index: name {"exception":"[object] (ErrorException(code: 0): Undefined index: name at D:\\source\\medv2\\vendor\\laravel\\framework\\src\\Illuminate\\Foundation\\PackageManifest.php:120)
[stacktrace]
#0 D:\\source\\medv2\\vendor\\laravel\\framework\\src\\Illuminate\\Foundation\\PackageManifest.php(120): Illuminate\\Foundation\\Bootstrap\\HandleExceptions->handleError(8, 'Undefined index...', 'D:\\\\source\\\\medv2...', 120, Array)
#1 D:\\source\\medv2\\vendor\\laravel\\framework\\src\\Illuminate\\Support\\Collection.php(988): Illuminate\\Foundation\\PackageManifest->Illuminate\\Foundation\\{closure}(Array, 'packages')
#2 D:\\source\\medv2\\vendor\\laravel\\framework\\src\\Illuminate\\Foundation\\PackageManifest.php(121): Illuminate\\Support\\Collection->mapWithKeys(Object(Closure))
#3 D:\\source\\medv2\\vendor\\laravel\\framework\\src\\Illuminate\\Foundation\\PackageManifest.php(97): Illuminate\\Foundation\\PackageManifest->build()
#4 D:\\source\\medv2\\vendor\\laravel\\framework\\src\\Illuminate\\Foundation\\PackageManifest.php(80): Illuminate\\Foundation\\PackageManifest->getManifest()
#5 D:\\source\\medv2\\vendor\\laravel\\framework\\src\\Illuminate\\Foundation\\Bootstrap\\RegisterFacades.php(26): Illuminate\\Foundation\\PackageManifest->aliases()
#6 D:\\source\\medv2\\vendor\\laravel\\framework\\src\\Illuminate\\Foundation\\Application.php(206): Illuminate\\Foundation\\Bootstrap\\RegisterFacades->bootstrap(Object(Illuminate\\Foundation\\Application))
#7 D:\\source\\medv2\\vendor\\laravel\\framework\\src\\Illuminate\\Foundation\\Console\\Kernel.php(297): Illuminate\\Foundation\\Application->bootstrapWith(Array)
#8 D:\\source\\medv2\\vendor\\laravel\\framework\\src\\Illuminate\\Foundation\\Console\\Kernel.php(120): Illuminate\\Foundation\\Console\\Kernel->bootstrap()
#9 Command line code(1): Illuminate\\Foundation\\Console\\Kernel->handle(Object(Symfony\\Component\\Console\\Input\\ArgvInput), Object(Symfony\\Component\\Console\\Output\\ConsoleOutput))
#10 {main}
"} 
[2023-06-15 07:19:47] local.ERROR: Undefined index: name {"exception":"[object] (ErrorException(code: 0): Undefined index: name at D:\\source\\medv2\\vendor\\laravel\\framework\\src\\Illuminate\\Foundation\\PackageManifest.php:120)
[stacktrace]
#0 D:\\source\\medv2\\vendor\\laravel\\framework\\src\\Illuminate\\Foundation\\PackageManifest.php(120): Illuminate\\Foundation\\Bootstrap\\HandleExceptions->handleError(8, 'Undefined index...', 'D:\\\\source\\\\medv2...', 120, Array)
#1 D:\\source\\medv2\\vendor\\laravel\\framework\\src\\Illuminate\\Support\\Collection.php(988): Illuminate\\Foundation\\PackageManifest->Illuminate\\Foundation\\{closure}(Array, 'packages')
#2 D:\\source\\medv2\\vendor\\laravel\\framework\\src\\Illuminate\\Foundation\\PackageManifest.php(121): Illuminate\\Support\\Collection->mapWithKeys(Object(Closure))
#3 D:\\source\\medv2\\vendor\\laravel\\framework\\src\\Illuminate\\Foundation\\PackageManifest.php(97): Illuminate\\Foundation\\PackageManifest->build()
#4 D:\\source\\medv2\\vendor\\laravel\\framework\\src\\Illuminate\\Foundation\\PackageManifest.php(80): Illuminate\\Foundation\\PackageManifest->getManifest()
#5 D:\\source\\medv2\\vendor\\laravel\\framework\\src\\Illuminate\\Foundation\\Bootstrap\\RegisterFacades.php(26): Illuminate\\Foundation\\PackageManifest->aliases()
#6 D:\\source\\medv2\\vendor\\laravel\\framework\\src\\Illuminate\\Foundation\\Application.php(206): Illuminate\\Foundation\\Bootstrap\\RegisterFacades->bootstrap(Object(Illuminate\\Foundation\\Application))
#7 D:\\source\\medv2\\vendor\\laravel\\framework\\src\\Illuminate\\Foundation\\Console\\Kernel.php(297): Illuminate\\Foundation\\Application->bootstrapWith(Array)
#8 D:\\source\\medv2\\vendor\\laravel\\framework\\src\\Illuminate\\Foundation\\Console\\Kernel.php(120): Illuminate\\Foundation\\Console\\Kernel->bootstrap()
#9 Command line code(1): Illuminate\\Foundation\\Console\\Kernel->handle(Object(Symfony\\Component\\Console\\Input\\ArgvInput), Object(Symfony\\Component\\Console\\Output\\ConsoleOutput))
#10 {main}
"} 
[2023-06-15 07:19:47] local.ERROR: Undefined index: name {"exception":"[object] (ErrorException(code: 0): Undefined index: name at D:\\source\\medv2\\vendor\\laravel\\framework\\src\\Illuminate\\Foundation\\PackageManifest.php:120)
[stacktrace]
#0 D:\\source\\medv2\\vendor\\laravel\\framework\\src\\Illuminate\\Foundation\\PackageManifest.php(120): Illuminate\\Foundation\\Bootstrap\\HandleExceptions->handleError(8, 'Undefined index...', 'D:\\\\source\\\\medv2...', 120, Array)
#1 D:\\source\\medv2\\vendor\\laravel\\framework\\src\\Illuminate\\Support\\Collection.php(988): Illuminate\\Foundation\\PackageManifest->Illuminate\\Foundation\\{closure}(Array, 'packages')
#2 D:\\source\\medv2\\vendor\\laravel\\framework\\src\\Illuminate\\Foundation\\PackageManifest.php(121): Illuminate\\Support\\Collection->mapWithKeys(Object(Closure))
#3 D:\\source\\medv2\\vendor\\laravel\\framework\\src\\Illuminate\\Foundation\\PackageManifest.php(97): Illuminate\\Foundation\\PackageManifest->build()
#4 D:\\source\\medv2\\vendor\\laravel\\framework\\src\\Illuminate\\Foundation\\PackageManifest.php(80): Illuminate\\Foundation\\PackageManifest->getManifest()
#5 D:\\source\\medv2\\vendor\\laravel\\framework\\src\\Illuminate\\Foundation\\Bootstrap\\RegisterFacades.php(26): Illuminate\\Foundation\\PackageManifest->aliases()
#6 D:\\source\\medv2\\vendor\\laravel\\framework\\src\\Illuminate\\Foundation\\Application.php(206): Illuminate\\Foundation\\Bootstrap\\RegisterFacades->bootstrap(Object(Illuminate\\Foundation\\Application))
#7 D:\\source\\medv2\\vendor\\laravel\\framework\\src\\Illuminate\\Foundation\\Console\\Kernel.php(297): Illuminate\\Foundation\\Application->bootstrapWith(Array)
#8 D:\\source\\medv2\\vendor\\laravel\\framework\\src\\Illuminate\\Foundation\\Console\\Kernel.php(120): Illuminate\\Foundation\\Console\\Kernel->bootstrap()
#9 Command line code(1): Illuminate\\Foundation\\Console\\Kernel->handle(Object(Symfony\\Component\\Console\\Input\\ArgvInput), Object(Symfony\\Component\\Console\\Output\\ConsoleOutput))
#10 {main}
"} 
[2023-06-15 07:19:47] local.ERROR: Undefined index: name {"exception":"[object] (ErrorException(code: 0): Undefined index: name at D:\\source\\medv2\\vendor\\laravel\\framework\\src\\Illuminate\\Foundation\\PackageManifest.php:120)
[stacktrace]
#0 D:\\source\\medv2\\vendor\\laravel\\framework\\src\\Illuminate\\Foundation\\PackageManifest.php(120): Illuminate\\Foundation\\Bootstrap\\HandleExceptions->handleError(8, 'Undefined index...', 'D:\\\\source\\\\medv2...', 120, Array)
#1 D:\\source\\medv2\\vendor\\laravel\\framework\\src\\Illuminate\\Support\\Collection.php(988): Illuminate\\Foundation\\PackageManifest->Illuminate\\Foundation\\{closure}(Array, 'packages')
#2 D:\\source\\medv2\\vendor\\laravel\\framework\\src\\Illuminate\\Foundation\\PackageManifest.php(121): Illuminate\\Support\\Collection->mapWithKeys(Object(Closure))
#3 D:\\source\\medv2\\vendor\\laravel\\framework\\src\\Illuminate\\Foundation\\PackageManifest.php(97): Illuminate\\Foundation\\PackageManifest->build()
#4 D:\\source\\medv2\\vendor\\laravel\\framework\\src\\Illuminate\\Foundation\\PackageManifest.php(80): Illuminate\\Foundation\\PackageManifest->getManifest()
#5 D:\\source\\medv2\\vendor\\laravel\\framework\\src\\Illuminate\\Foundation\\Bootstrap\\RegisterFacades.php(26): Illuminate\\Foundation\\PackageManifest->aliases()
#6 D:\\source\\medv2\\vendor\\laravel\\framework\\src\\Illuminate\\Foundation\\Application.php(206): Illuminate\\Foundation\\Bootstrap\\RegisterFacades->bootstrap(Object(Illuminate\\Foundation\\Application))
#7 D:\\source\\medv2\\vendor\\laravel\\framework\\src\\Illuminate\\Foundation\\Console\\Kernel.php(297): Illuminate\\Foundation\\Application->bootstrapWith(Array)
#8 D:\\source\\medv2\\vendor\\laravel\\framework\\src\\Illuminate\\Foundation\\Console\\Kernel.php(120): Illuminate\\Foundation\\Console\\Kernel->bootstrap()
#9 Command line code(1): Illuminate\\Foundation\\Console\\Kernel->handle(Object(Symfony\\Component\\Console\\Input\\ArgvInput), Object(Symfony\\Component\\Console\\Output\\ConsoleOutput))
#10 {main}
"} 
[2023-06-15 07:19:47] local.ERROR: Undefined index: name {"exception":"[object] (ErrorException(code: 0): Undefined index: name at D:\\source\\medv2\\vendor\\laravel\\framework\\src\\Illuminate\\Foundation\\PackageManifest.php:120)
[stacktrace]
#0 D:\\source\\medv2\\vendor\\laravel\\framework\\src\\Illuminate\\Foundation\\PackageManifest.php(120): Illuminate\\Foundation\\Bootstrap\\HandleExceptions->handleError(8, 'Undefined index...', 'D:\\\\source\\\\medv2...', 120, Array)
#1 D:\\source\\medv2\\vendor\\laravel\\framework\\src\\Illuminate\\Support\\Collection.php(988): Illuminate\\Foundation\\PackageManifest->Illuminate\\Foundation\\{closure}(Array, 'packages')
#2 D:\\source\\medv2\\vendor\\laravel\\framework\\src\\Illuminate\\Foundation\\PackageManifest.php(121): Illuminate\\Support\\Collection->mapWithKeys(Object(Closure))
#3 D:\\source\\medv2\\vendor\\laravel\\framework\\src\\Illuminate\\Foundation\\PackageManifest.php(97): Illuminate\\Foundation\\PackageManifest->build()
#4 D:\\source\\medv2\\vendor\\laravel\\framework\\src\\Illuminate\\Foundation\\PackageManifest.php(80): Illuminate\\Foundation\\PackageManifest->getManifest()
#5 D:\\source\\medv2\\vendor\\laravel\\framework\\src\\Illuminate\\Foundation\\Bootstrap\\RegisterFacades.php(26): Illuminate\\Foundation\\PackageManifest->aliases()
#6 D:\\source\\medv2\\vendor\\laravel\\framework\\src\\Illuminate\\Foundation\\Application.php(206): Illuminate\\Foundation\\Bootstrap\\RegisterFacades->bootstrap(Object(Illuminate\\Foundation\\Application))
#7 D:\\source\\medv2\\vendor\\laravel\\framework\\src\\Illuminate\\Foundation\\Console\\Kernel.php(297): Illuminate\\Foundation\\Application->bootstrapWith(Array)
#8 D:\\source\\medv2\\vendor\\laravel\\framework\\src\\Illuminate\\Foundation\\Console\\Kernel.php(120): Illuminate\\Foundation\\Console\\Kernel->bootstrap()
#9 Command line code(1): Illuminate\\Foundation\\Console\\Kernel->handle(Object(Symfony\\Component\\Console\\Input\\ArgvInput), Object(Symfony\\Component\\Console\\Output\\ConsoleOutput))
#10 {main}
"} 
[2023-06-15 07:19:47] local.ERROR: Uncaught ReflectionException: Class view does not exist in D:\source\medv2\vendor\laravel\framework\src\Illuminate\Container\Container.php:767
Stack trace:
#0 D:\source\medv2\vendor\laravel\framework\src\Illuminate\Container\Container.php(767): ReflectionClass->__construct('view')
#1 D:\source\medv2\vendor\laravel\framework\src\Illuminate\Container\Container.php(646): Illuminate\Container\Container->build('view')
#2 D:\source\medv2\vendor\laravel\framework\src\Illuminate\Container\Container.php(601): Illuminate\Container\Container->resolve('view', Array)
#3 D:\source\medv2\vendor\laravel\framework\src\Illuminate\Foundation\Application.php(734): Illuminate\Container\Container->make('view', Array)
#4 D:\source\medv2\vendor\laravel\framework\src\Illuminate\Foundation\helpers.php(110): Illuminate\Foundation\Application->make('view', Array)
#5 Command line code(1): app('view')
#6 {main}
  thrown {"exception":"[object] (Symfony\\Component\\Debug\\Exception\\FatalErrorException(code: 1): Uncaught ReflectionException: Class view does not exist in D:\\source\\medv2\\vendor\\laravel\\framework\\src\\Illuminate\\Container\\Container.php:767
Stack trace:
#0 D:\\source\\medv2\\vendor\\laravel\\framework\\src\\Illuminate\\Container\\Container.php(767): ReflectionClass->__construct('view')
#1 D:\\source\\medv2\\vendor\\laravel\\framework\\src\\Illuminate\\Container\\Container.php(646): Illuminate\\Container\\Container->build('view')
#2 D:\\source\\medv2\\vendor\\laravel\\framework\\src\\Illuminate\\Container\\Container.php(601): Illuminate\\Container\\Container->resolve('view', Array)
#3 D:\\source\\medv2\\vendor\\laravel\\framework\\src\\Illuminate\\Foundation\\Application.php(734): Illuminate\\Container\\Container->make('view', Array)
#4 D:\\source\\medv2\\vendor\\laravel\\framework\\src\\Illuminate\\Foundation\\helpers.php(110): Illuminate\\Foundation\\Application->make('view', Array)
#5 Command line code(1): app('view')
#6 {main}
  thrown at D:\\source\\medv2\\vendor\\laravel\\framework\\src\\Illuminate\\Container\\Container.php:767)
[stacktrace]
#0 {main}
"} 
[2023-06-15 07:19:47] local.ERROR: Uncaught ReflectionException: Class translator does not exist in D:\source\medv2\vendor\laravel\framework\src\Illuminate\Container\Container.php:767
Stack trace:
#0 D:\source\medv2\vendor\laravel\framework\src\Illuminate\Container\Container.php(767): ReflectionClass->__construct('translator')
#1 D:\source\medv2\vendor\laravel\framework\src\Illuminate\Container\Container.php(646): Illuminate\Container\Container->build('translator')
#2 D:\source\medv2\vendor\laravel\framework\src\Illuminate\Container\Container.php(601): Illuminate\Container\Container->resolve('translator', Array)
#3 D:\source\medv2\vendor\laravel\framework\src\Illuminate\Foundation\Application.php(734): Illuminate\Container\Container->make('translator', Array)
#4 D:\source\medv2\vendor\laravel\framework\src\Illuminate\Foundation\helpers.php(110): Illuminate\Foundation\Application->make('translator', Array)
#5 Command line code(1): app('translator')
#6 {main}
  thrown {"exception":"[object] (Symfony\\Component\\Debug\\Exception\\FatalErrorException(code: 1): Uncaught ReflectionException: Class translator does not exist in D:\\source\\medv2\\vendor\\laravel\\framework\\src\\Illuminate\\Container\\Container.php:767
Stack trace:
#0 D:\\source\\medv2\\vendor\\laravel\\framework\\src\\Illuminate\\Container\\Container.php(767): ReflectionClass->__construct('translator')
#1 D:\\source\\medv2\\vendor\\laravel\\framework\\src\\Illuminate\\Container\\Container.php(646): Illuminate\\Container\\Container->build('translator')
#2 D:\\source\\medv2\\vendor\\laravel\\framework\\src\\Illuminate\\Container\\Container.php(601): Illuminate\\Container\\Container->resolve('translator', Array)
#3 D:\\source\\medv2\\vendor\\laravel\\framework\\src\\Illuminate\\Foundation\\Application.php(734): Illuminate\\Container\\Container->make('translator', Array)
#4 D:\\source\\medv2\\vendor\\laravel\\framework\\src\\Illuminate\\Foundation\\helpers.php(110): Illuminate\\Foundation\\Application->make('translator', Array)
#5 Command line code(1): app('translator')
#6 {main}
  thrown at D:\\source\\medv2\\vendor\\laravel\\framework\\src\\Illuminate\\Container\\Container.php:767)
[stacktrace]
#0 {main}
"} 
[2023-06-15 07:19:47] local.ERROR: Uncaught Illuminate\Contracts\Container\BindingResolutionException: Target [Illuminate\Contracts\Auth\Access\Gate] is not instantiable. in D:\source\medv2\vendor\laravel\framework\src\Illuminate\Container\Container.php:933
Stack trace:
#0 D:\source\medv2\vendor\laravel\framework\src\Illuminate\Container\Container.php(773): Illuminate\Container\Container->notInstantiable('Illuminate\\Cont...')
#1 D:\source\medv2\vendor\laravel\framework\src\Illuminate\Container\Container.php(646): Illuminate\Container\Container->build('Illuminate\\Cont...')
#2 D:\source\medv2\vendor\laravel\framework\src\Illuminate\Container\Container.php(601): Illuminate\Container\Container->resolve('Illuminate\\Cont...', Array)
#3 D:\source\medv2\vendor\laravel\framework\src\Illuminate\Foundation\Application.php(734): Illuminate\Container\Container->make('Illuminate\\Cont...', Array)
#4 D:\source\medv2\vendor\laravel\framework\src\Illuminate\Container\Container.php(1210): Illuminate\Foundation\Application->make('Illuminate\\Cont...')
#5 D:\s {"exception":"[object] (Symfony\\Component\\Debug\\Exception\\FatalErrorException(code: 1): Uncaught Illuminate\\Contracts\\Container\\BindingResolutionException: Target [Illuminate\\Contracts\\Auth\\Access\\Gate] is not instantiable. in D:\\source\\medv2\\vendor\\laravel\\framework\\src\\Illuminate\\Container\\Container.php:933
Stack trace:
#0 D:\\source\\medv2\\vendor\\laravel\\framework\\src\\Illuminate\\Container\\Container.php(773): Illuminate\\Container\\Container->notInstantiable('Illuminate\\\\Cont...')
#1 D:\\source\\medv2\\vendor\\laravel\\framework\\src\\Illuminate\\Container\\Container.php(646): Illuminate\\Container\\Container->build('Illuminate\\\\Cont...')
#2 D:\\source\\medv2\\vendor\\laravel\\framework\\src\\Illuminate\\Container\\Container.php(601): Illuminate\\Container\\Container->resolve('Illuminate\\\\Cont...', Array)
#3 D:\\source\\medv2\\vendor\\laravel\\framework\\src\\Illuminate\\Foundation\\Application.php(734): Illuminate\\Container\\Container->make('Illuminate\\\\Cont...', Array)
#4 D:\\source\\medv2\\vendor\\laravel\\framework\\src\\Illuminate\\Container\\Container.php(1210): Illuminate\\Foundation\\Application->make('Illuminate\\\\Cont...')
#5 D:\\s at D:\\source\\medv2\\vendor\\laravel\\framework\\src\\Illuminate\\Container\\Container.php:933)
[stacktrace]
#0 {main}
"} 
[2023-06-15 07:19:47] local.ERROR: Uncaught Error: Call to undefined method App\Http\Kernel::getMiddlewareGroups() in Command line code:1
Stack trace:
#0 {main}
  thrown {"exception":"[object] (Symfony\\Component\\Debug\\Exception\\FatalErrorException(code: 1): Uncaught Error: Call to undefined method App\\Http\\Kernel::getMiddlewareGroups() in Command line code:1
Stack trace:
#0 {main}
  thrown at Command line code:1)
[stacktrace]
#0 {main}
"} 
[2023-06-15 07:19:59] local.ERROR: Undefined index: name {"exception":"[object] (ErrorException(code: 0): Undefined index: name at D:\\source\\medv2\\vendor\\laravel\\framework\\src\\Illuminate\\Foundation\\PackageManifest.php:120)
[stacktrace]
#0 D:\\source\\medv2\\vendor\\laravel\\framework\\src\\Illuminate\\Foundation\\PackageManifest.php(120): Illuminate\\Foundation\\Bootstrap\\HandleExceptions->handleError(8, 'Undefined index...', 'D:\\\\source\\\\medv2...', 120, Array)
#1 D:\\source\\medv2\\vendor\\laravel\\framework\\src\\Illuminate\\Support\\Collection.php(988): Illuminate\\Foundation\\PackageManifest->Illuminate\\Foundation\\{closure}(Array, 'packages')
#2 D:\\source\\medv2\\vendor\\laravel\\framework\\src\\Illuminate\\Foundation\\PackageManifest.php(121): Illuminate\\Support\\Collection->mapWithKeys(Object(Closure))
#3 D:\\source\\medv2\\vendor\\laravel\\framework\\src\\Illuminate\\Foundation\\PackageManifest.php(97): Illuminate\\Foundation\\PackageManifest->build()
#4 D:\\source\\medv2\\vendor\\laravel\\framework\\src\\Illuminate\\Foundation\\PackageManifest.php(80): Illuminate\\Foundation\\PackageManifest->getManifest()
#5 D:\\source\\medv2\\vendor\\laravel\\framework\\src\\Illuminate\\Foundation\\Bootstrap\\RegisterFacades.php(26): Illuminate\\Foundation\\PackageManifest->aliases()
#6 D:\\source\\medv2\\vendor\\laravel\\framework\\src\\Illuminate\\Foundation\\Application.php(206): Illuminate\\Foundation\\Bootstrap\\RegisterFacades->bootstrap(Object(Illuminate\\Foundation\\Application))
#7 D:\\source\\medv2\\vendor\\laravel\\framework\\src\\Illuminate\\Foundation\\Console\\Kernel.php(297): Illuminate\\Foundation\\Application->bootstrapWith(Array)
#8 D:\\source\\medv2\\vendor\\laravel\\framework\\src\\Illuminate\\Foundation\\Console\\Kernel.php(120): Illuminate\\Foundation\\Console\\Kernel->bootstrap()
#9 Command line code(1): Illuminate\\Foundation\\Console\\Kernel->handle(Object(Symfony\\Component\\Console\\Input\\ArgvInput), Object(Symfony\\Component\\Console\\Output\\ConsoleOutput))
#10 {main}
"} 
[2023-06-15 07:19:59] local.ERROR: Undefined index: name {"exception":"[object] (ErrorException(code: 0): Undefined index: name at D:\\source\\medv2\\vendor\\laravel\\framework\\src\\Illuminate\\Foundation\\PackageManifest.php:120)
[stacktrace]
#0 D:\\source\\medv2\\vendor\\laravel\\framework\\src\\Illuminate\\Foundation\\PackageManifest.php(120): Illuminate\\Foundation\\Bootstrap\\HandleExceptions->handleError(8, 'Undefined index...', 'D:\\\\source\\\\medv2...', 120, Array)
#1 D:\\source\\medv2\\vendor\\laravel\\framework\\src\\Illuminate\\Support\\Collection.php(988): Illuminate\\Foundation\\PackageManifest->Illuminate\\Foundation\\{closure}(Array, 'packages')
#2 D:\\source\\medv2\\vendor\\laravel\\framework\\src\\Illuminate\\Foundation\\PackageManifest.php(121): Illuminate\\Support\\Collection->mapWithKeys(Object(Closure))
#3 D:\\source\\medv2\\vendor\\laravel\\framework\\src\\Illuminate\\Foundation\\PackageManifest.php(97): Illuminate\\Foundation\\PackageManifest->build()
#4 D:\\source\\medv2\\vendor\\laravel\\framework\\src\\Illuminate\\Foundation\\PackageManifest.php(80): Illuminate\\Foundation\\PackageManifest->getManifest()
#5 D:\\source\\medv2\\vendor\\laravel\\framework\\src\\Illuminate\\Foundation\\Bootstrap\\RegisterFacades.php(26): Illuminate\\Foundation\\PackageManifest->aliases()
#6 D:\\source\\medv2\\vendor\\laravel\\framework\\src\\Illuminate\\Foundation\\Application.php(206): Illuminate\\Foundation\\Bootstrap\\RegisterFacades->bootstrap(Object(Illuminate\\Foundation\\Application))
#7 D:\\source\\medv2\\vendor\\laravel\\framework\\src\\Illuminate\\Foundation\\Console\\Kernel.php(297): Illuminate\\Foundation\\Application->bootstrapWith(Array)
#8 D:\\source\\medv2\\vendor\\laravel\\framework\\src\\Illuminate\\Foundation\\Console\\Kernel.php(120): Illuminate\\Foundation\\Console\\Kernel->bootstrap()
#9 Command line code(1): Illuminate\\Foundation\\Console\\Kernel->handle(Object(Symfony\\Component\\Console\\Input\\ArgvInput), Object(Symfony\\Component\\Console\\Output\\ConsoleOutput))
#10 {main}
"} 
[2023-06-15 07:19:59] local.ERROR: Uncaught ReflectionException: Class blade.compiler does not exist in D:\source\medv2\vendor\laravel\framework\src\Illuminate\Container\Container.php:767
Stack trace:
#0 D:\source\medv2\vendor\laravel\framework\src\Illuminate\Container\Container.php(767): ReflectionClass->__construct('blade.compiler')
#1 D:\source\medv2\vendor\laravel\framework\src\Illuminate\Container\Container.php(646): Illuminate\Container\Container->build('blade.compiler')
#2 D:\source\medv2\vendor\laravel\framework\src\Illuminate\Container\Container.php(601): Illuminate\Container\Container->resolve('blade.compiler', Array)
#3 D:\source\medv2\vendor\laravel\framework\src\Illuminate\Foundation\Application.php(734): Illuminate\Container\Container->make('blade.compiler', Array)
#4 D:\source\medv2\vendor\laravel\framework\src\Illuminate\Foundation\helpers.php(110): Illuminate\Foundation\Application->make('blade.compiler', Array)
#5 Command line code(1): app('Illuminate\\View...')
#6 {main}
  thrown {"exception":"[object] (Symfony\\Component\\Debug\\Exception\\FatalErrorException(code: 1): Uncaught ReflectionException: Class blade.compiler does not exist in D:\\source\\medv2\\vendor\\laravel\\framework\\src\\Illuminate\\Container\\Container.php:767
Stack trace:
#0 D:\\source\\medv2\\vendor\\laravel\\framework\\src\\Illuminate\\Container\\Container.php(767): ReflectionClass->__construct('blade.compiler')
#1 D:\\source\\medv2\\vendor\\laravel\\framework\\src\\Illuminate\\Container\\Container.php(646): Illuminate\\Container\\Container->build('blade.compiler')
#2 D:\\source\\medv2\\vendor\\laravel\\framework\\src\\Illuminate\\Container\\Container.php(601): Illuminate\\Container\\Container->resolve('blade.compiler', Array)
#3 D:\\source\\medv2\\vendor\\laravel\\framework\\src\\Illuminate\\Foundation\\Application.php(734): Illuminate\\Container\\Container->make('blade.compiler', Array)
#4 D:\\source\\medv2\\vendor\\laravel\\framework\\src\\Illuminate\\Foundation\\helpers.php(110): Illuminate\\Foundation\\Application->make('blade.compiler', Array)
#5 Command line code(1): app('Illuminate\\\\View...')
#6 {main}
  thrown at D:\\source\\medv2\\vendor\\laravel\\framework\\src\\Illuminate\\Container\\Container.php:767)
[stacktrace]
#0 {main}
"} 
[2023-06-15 07:20:47] local.ERROR: Undefined index: name {"exception":"[object] (ErrorException(code: 0): Undefined index: name at D:\\source\\medv2\\vendor\\laravel\\framework\\src\\Illuminate\\Foundation\\PackageManifest.php:120)
[stacktrace]
#0 D:\\source\\medv2\\vendor\\laravel\\framework\\src\\Illuminate\\Foundation\\PackageManifest.php(120): Illuminate\\Foundation\\Bootstrap\\HandleExceptions->handleError(8, 'Undefined index...', 'D:\\\\source\\\\medv2...', 120, Array)
#1 D:\\source\\medv2\\vendor\\laravel\\framework\\src\\Illuminate\\Support\\Collection.php(988): Illuminate\\Foundation\\PackageManifest->Illuminate\\Foundation\\{closure}(Array, 'packages')
#2 D:\\source\\medv2\\vendor\\laravel\\framework\\src\\Illuminate\\Foundation\\PackageManifest.php(121): Illuminate\\Support\\Collection->mapWithKeys(Object(Closure))
#3 D:\\source\\medv2\\vendor\\laravel\\framework\\src\\Illuminate\\Foundation\\PackageManifest.php(97): Illuminate\\Foundation\\PackageManifest->build()
#4 D:\\source\\medv2\\vendor\\laravel\\framework\\src\\Illuminate\\Foundation\\PackageManifest.php(80): Illuminate\\Foundation\\PackageManifest->getManifest()
#5 D:\\source\\medv2\\vendor\\laravel\\framework\\src\\Illuminate\\Foundation\\Bootstrap\\RegisterFacades.php(26): Illuminate\\Foundation\\PackageManifest->aliases()
#6 D:\\source\\medv2\\vendor\\laravel\\framework\\src\\Illuminate\\Foundation\\Application.php(206): Illuminate\\Foundation\\Bootstrap\\RegisterFacades->bootstrap(Object(Illuminate\\Foundation\\Application))
#7 D:\\source\\medv2\\vendor\\laravel\\framework\\src\\Illuminate\\Foundation\\Console\\Kernel.php(297): Illuminate\\Foundation\\Application->bootstrapWith(Array)
#8 D:\\source\\medv2\\vendor\\laravel\\framework\\src\\Illuminate\\Foundation\\Console\\Kernel.php(120): Illuminate\\Foundation\\Console\\Kernel->bootstrap()
#9 Command line code(1): Illuminate\\Foundation\\Console\\Kernel->handle(Object(Symfony\\Component\\Console\\Input\\ArgvInput), Object(Symfony\\Component\\Console\\Output\\ConsoleOutput))
#10 {main}
"} 
[2023-06-15 07:20:47] local.ERROR: Undefined index: name {"exception":"[object] (ErrorException(code: 0): Undefined index: name at D:\\source\\medv2\\vendor\\laravel\\framework\\src\\Illuminate\\Foundation\\PackageManifest.php:120)
[stacktrace]
#0 D:\\source\\medv2\\vendor\\laravel\\framework\\src\\Illuminate\\Foundation\\PackageManifest.php(120): Illuminate\\Foundation\\Bootstrap\\HandleExceptions->handleError(8, 'Undefined index...', 'D:\\\\source\\\\medv2...', 120, Array)
#1 D:\\source\\medv2\\vendor\\laravel\\framework\\src\\Illuminate\\Support\\Collection.php(988): Illuminate\\Foundation\\PackageManifest->Illuminate\\Foundation\\{closure}(Array, 'packages')
#2 D:\\source\\medv2\\vendor\\laravel\\framework\\src\\Illuminate\\Foundation\\PackageManifest.php(121): Illuminate\\Support\\Collection->mapWithKeys(Object(Closure))
#3 D:\\source\\medv2\\vendor\\laravel\\framework\\src\\Illuminate\\Foundation\\PackageManifest.php(97): Illuminate\\Foundation\\PackageManifest->build()
#4 D:\\source\\medv2\\vendor\\laravel\\framework\\src\\Illuminate\\Foundation\\PackageManifest.php(80): Illuminate\\Foundation\\PackageManifest->getManifest()
#5 D:\\source\\medv2\\vendor\\laravel\\framework\\src\\Illuminate\\Foundation\\Bootstrap\\RegisterFacades.php(26): Illuminate\\Foundation\\PackageManifest->aliases()
#6 D:\\source\\medv2\\vendor\\laravel\\framework\\src\\Illuminate\\Foundation\\Application.php(206): Illuminate\\Foundation\\Bootstrap\\RegisterFacades->bootstrap(Object(Illuminate\\Foundation\\Application))
#7 D:\\source\\medv2\\vendor\\laravel\\framework\\src\\Illuminate\\Foundation\\Console\\Kernel.php(297): Illuminate\\Foundation\\Application->bootstrapWith(Array)
#8 D:\\source\\medv2\\vendor\\laravel\\framework\\src\\Illuminate\\Foundation\\Console\\Kernel.php(120): Illuminate\\Foundation\\Console\\Kernel->bootstrap()
#9 Command line code(1): Illuminate\\Foundation\\Console\\Kernel->handle(Object(Symfony\\Component\\Console\\Input\\ArgvInput), Object(Symfony\\Component\\Console\\Output\\ConsoleOutput))
#10 {main}
"} 
[2023-06-15 07:20:47] local.ERROR: Uncaught Illuminate\Contracts\Container\BindingResolutionException: Target [Illuminate\Contracts\Auth\Access\Gate] is not instantiable. in D:\source\medv2\vendor\laravel\framework\src\Illuminate\Container\Container.php:933
Stack trace:
#0 D:\source\medv2\vendor\laravel\framework\src\Illuminate\Container\Container.php(773): Illuminate\Container\Container->notInstantiable('Illuminate\\Cont...')
#1 D:\source\medv2\vendor\laravel\framework\src\Illuminate\Container\Container.php(646): Illuminate\Container\Container->build('Illuminate\\Cont...')
#2 D:\source\medv2\vendor\laravel\framework\src\Illuminate\Container\Container.php(601): Illuminate\Container\Container->resolve('Illuminate\\Cont...', Array)
#3 D:\source\medv2\vendor\laravel\framework\src\Illuminate\Foundation\Application.php(734): Illuminate\Container\Container->make('Illuminate\\Cont...', Array)
#4 D:\source\medv2\vendor\laravel\framework\src\Illuminate\Container\Container.php(1210): Illuminate\Foundation\Application->make('Illuminate\\Cont...')
#5 D:\s {"exception":"[object] (Symfony\\Component\\Debug\\Exception\\FatalErrorException(code: 1): Uncaught Illuminate\\Contracts\\Container\\BindingResolutionException: Target [Illuminate\\Contracts\\Auth\\Access\\Gate] is not instantiable. in D:\\source\\medv2\\vendor\\laravel\\framework\\src\\Illuminate\\Container\\Container.php:933
Stack trace:
#0 D:\\source\\medv2\\vendor\\laravel\\framework\\src\\Illuminate\\Container\\Container.php(773): Illuminate\\Container\\Container->notInstantiable('Illuminate\\\\Cont...')
#1 D:\\source\\medv2\\vendor\\laravel\\framework\\src\\Illuminate\\Container\\Container.php(646): Illuminate\\Container\\Container->build('Illuminate\\\\Cont...')
#2 D:\\source\\medv2\\vendor\\laravel\\framework\\src\\Illuminate\\Container\\Container.php(601): Illuminate\\Container\\Container->resolve('Illuminate\\\\Cont...', Array)
#3 D:\\source\\medv2\\vendor\\laravel\\framework\\src\\Illuminate\\Foundation\\Application.php(734): Illuminate\\Container\\Container->make('Illuminate\\\\Cont...', Array)
#4 D:\\source\\medv2\\vendor\\laravel\\framework\\src\\Illuminate\\Container\\Container.php(1210): Illuminate\\Foundation\\Application->make('Illuminate\\\\Cont...')
#5 D:\\s at D:\\source\\medv2\\vendor\\laravel\\framework\\src\\Illuminate\\Container\\Container.php:933)
[stacktrace]
#0 {main}
"} 
[2023-06-15 07:21:47] local.ERROR: Undefined index: name {"exception":"[object] (ErrorException(code: 0): Undefined index: name at D:\\source\\medv2\\vendor\\laravel\\framework\\src\\Illuminate\\Foundation\\PackageManifest.php:120)
[stacktrace]
#0 D:\\source\\medv2\\vendor\\laravel\\framework\\src\\Illuminate\\Foundation\\PackageManifest.php(120): Illuminate\\Foundation\\Bootstrap\\HandleExceptions->handleError(8, 'Undefined index...', 'D:\\\\source\\\\medv2...', 120, Array)
#1 D:\\source\\medv2\\vendor\\laravel\\framework\\src\\Illuminate\\Support\\Collection.php(988): Illuminate\\Foundation\\PackageManifest->Illuminate\\Foundation\\{closure}(Array, 'packages')
#2 D:\\source\\medv2\\vendor\\laravel\\framework\\src\\Illuminate\\Foundation\\PackageManifest.php(121): Illuminate\\Support\\Collection->mapWithKeys(Object(Closure))
#3 D:\\source\\medv2\\vendor\\laravel\\framework\\src\\Illuminate\\Foundation\\PackageManifest.php(97): Illuminate\\Foundation\\PackageManifest->build()
#4 D:\\source\\medv2\\vendor\\laravel\\framework\\src\\Illuminate\\Foundation\\PackageManifest.php(80): Illuminate\\Foundation\\PackageManifest->getManifest()
#5 D:\\source\\medv2\\vendor\\laravel\\framework\\src\\Illuminate\\Foundation\\Bootstrap\\RegisterFacades.php(26): Illuminate\\Foundation\\PackageManifest->aliases()
#6 D:\\source\\medv2\\vendor\\laravel\\framework\\src\\Illuminate\\Foundation\\Application.php(206): Illuminate\\Foundation\\Bootstrap\\RegisterFacades->bootstrap(Object(Illuminate\\Foundation\\Application))
#7 D:\\source\\medv2\\vendor\\laravel\\framework\\src\\Illuminate\\Foundation\\Console\\Kernel.php(297): Illuminate\\Foundation\\Application->bootstrapWith(Array)
#8 D:\\source\\medv2\\vendor\\laravel\\framework\\src\\Illuminate\\Foundation\\Console\\Kernel.php(120): Illuminate\\Foundation\\Console\\Kernel->bootstrap()
#9 Command line code(1): Illuminate\\Foundation\\Console\\Kernel->handle(Object(Symfony\\Component\\Console\\Input\\ArgvInput), Object(Symfony\\Component\\Console\\Output\\ConsoleOutput))
#10 {main}
"} 
[2023-06-15 07:21:47] local.ERROR: Undefined index: name {"exception":"[object] (ErrorException(code: 0): Undefined index: name at D:\\source\\medv2\\vendor\\laravel\\framework\\src\\Illuminate\\Foundation\\PackageManifest.php:120)
[stacktrace]
#0 D:\\source\\medv2\\vendor\\laravel\\framework\\src\\Illuminate\\Foundation\\PackageManifest.php(120): Illuminate\\Foundation\\Bootstrap\\HandleExceptions->handleError(8, 'Undefined index...', 'D:\\\\source\\\\medv2...', 120, Array)
#1 D:\\source\\medv2\\vendor\\laravel\\framework\\src\\Illuminate\\Support\\Collection.php(988): Illuminate\\Foundation\\PackageManifest->Illuminate\\Foundation\\{closure}(Array, 'packages')
#2 D:\\source\\medv2\\vendor\\laravel\\framework\\src\\Illuminate\\Foundation\\PackageManifest.php(121): Illuminate\\Support\\Collection->mapWithKeys(Object(Closure))
#3 D:\\source\\medv2\\vendor\\laravel\\framework\\src\\Illuminate\\Foundation\\PackageManifest.php(97): Illuminate\\Foundation\\PackageManifest->build()
#4 D:\\source\\medv2\\vendor\\laravel\\framework\\src\\Illuminate\\Foundation\\PackageManifest.php(80): Illuminate\\Foundation\\PackageManifest->getManifest()
#5 D:\\source\\medv2\\vendor\\laravel\\framework\\src\\Illuminate\\Foundation\\Bootstrap\\RegisterFacades.php(26): Illuminate\\Foundation\\PackageManifest->aliases()
#6 D:\\source\\medv2\\vendor\\laravel\\framework\\src\\Illuminate\\Foundation\\Application.php(206): Illuminate\\Foundation\\Bootstrap\\RegisterFacades->bootstrap(Object(Illuminate\\Foundation\\Application))
#7 D:\\source\\medv2\\vendor\\laravel\\framework\\src\\Illuminate\\Foundation\\Console\\Kernel.php(297): Illuminate\\Foundation\\Application->bootstrapWith(Array)
#8 D:\\source\\medv2\\vendor\\laravel\\framework\\src\\Illuminate\\Foundation\\Console\\Kernel.php(120): Illuminate\\Foundation\\Console\\Kernel->bootstrap()
#9 Command line code(1): Illuminate\\Foundation\\Console\\Kernel->handle(Object(Symfony\\Component\\Console\\Input\\ArgvInput), Object(Symfony\\Component\\Console\\Output\\ConsoleOutput))
#10 {main}
"} 
[2023-06-15 07:21:47] local.ERROR: Uncaught Illuminate\Contracts\Container\BindingResolutionException: Target [Illuminate\Contracts\Auth\Access\Gate] is not instantiable. in D:\source\medv2\vendor\laravel\framework\src\Illuminate\Container\Container.php:933
Stack trace:
#0 D:\source\medv2\vendor\laravel\framework\src\Illuminate\Container\Container.php(773): Illuminate\Container\Container->notInstantiable('Illuminate\\Cont...')
#1 D:\source\medv2\vendor\laravel\framework\src\Illuminate\Container\Container.php(646): Illuminate\Container\Container->build('Illuminate\\Cont...')
#2 D:\source\medv2\vendor\laravel\framework\src\Illuminate\Container\Container.php(601): Illuminate\Container\Container->resolve('Illuminate\\Cont...', Array)
#3 D:\source\medv2\vendor\laravel\framework\src\Illuminate\Foundation\Application.php(734): Illuminate\Container\Container->make('Illuminate\\Cont...', Array)
#4 D:\source\medv2\vendor\laravel\framework\src\Illuminate\Container\Container.php(1210): Illuminate\Foundation\Application->make('Illuminate\\Cont...')
#5 D:\s {"exception":"[object] (Symfony\\Component\\Debug\\Exception\\FatalErrorException(code: 1): Uncaught Illuminate\\Contracts\\Container\\BindingResolutionException: Target [Illuminate\\Contracts\\Auth\\Access\\Gate] is not instantiable. in D:\\source\\medv2\\vendor\\laravel\\framework\\src\\Illuminate\\Container\\Container.php:933
Stack trace:
#0 D:\\source\\medv2\\vendor\\laravel\\framework\\src\\Illuminate\\Container\\Container.php(773): Illuminate\\Container\\Container->notInstantiable('Illuminate\\\\Cont...')
#1 D:\\source\\medv2\\vendor\\laravel\\framework\\src\\Illuminate\\Container\\Container.php(646): Illuminate\\Container\\Container->build('Illuminate\\\\Cont...')
#2 D:\\source\\medv2\\vendor\\laravel\\framework\\src\\Illuminate\\Container\\Container.php(601): Illuminate\\Container\\Container->resolve('Illuminate\\\\Cont...', Array)
#3 D:\\source\\medv2\\vendor\\laravel\\framework\\src\\Illuminate\\Foundation\\Application.php(734): Illuminate\\Container\\Container->make('Illuminate\\\\Cont...', Array)
#4 D:\\source\\medv2\\vendor\\laravel\\framework\\src\\Illuminate\\Container\\Container.php(1210): Illuminate\\Foundation\\Application->make('Illuminate\\\\Cont...')
#5 D:\\s at D:\\source\\medv2\\vendor\\laravel\\framework\\src\\Illuminate\\Container\\Container.php:933)
[stacktrace]
#0 {main}
"} 
[2023-06-15 07:22:47] local.ERROR: Undefined index: name {"exception":"[object] (ErrorException(code: 0): Undefined index: name at D:\\source\\medv2\\vendor\\laravel\\framework\\src\\Illuminate\\Foundation\\PackageManifest.php:120)
[stacktrace]
#0 D:\\source\\medv2\\vendor\\laravel\\framework\\src\\Illuminate\\Foundation\\PackageManifest.php(120): Illuminate\\Foundation\\Bootstrap\\HandleExceptions->handleError(8, 'Undefined index...', 'D:\\\\source\\\\medv2...', 120, Array)
#1 D:\\source\\medv2\\vendor\\laravel\\framework\\src\\Illuminate\\Support\\Collection.php(988): Illuminate\\Foundation\\PackageManifest->Illuminate\\Foundation\\{closure}(Array, 'packages')
#2 D:\\source\\medv2\\vendor\\laravel\\framework\\src\\Illuminate\\Foundation\\PackageManifest.php(121): Illuminate\\Support\\Collection->mapWithKeys(Object(Closure))
#3 D:\\source\\medv2\\vendor\\laravel\\framework\\src\\Illuminate\\Foundation\\PackageManifest.php(97): Illuminate\\Foundation\\PackageManifest->build()
#4 D:\\source\\medv2\\vendor\\laravel\\framework\\src\\Illuminate\\Foundation\\PackageManifest.php(80): Illuminate\\Foundation\\PackageManifest->getManifest()
#5 D:\\source\\medv2\\vendor\\laravel\\framework\\src\\Illuminate\\Foundation\\Bootstrap\\RegisterFacades.php(26): Illuminate\\Foundation\\PackageManifest->aliases()
#6 D:\\source\\medv2\\vendor\\laravel\\framework\\src\\Illuminate\\Foundation\\Application.php(206): Illuminate\\Foundation\\Bootstrap\\RegisterFacades->bootstrap(Object(Illuminate\\Foundation\\Application))
#7 D:\\source\\medv2\\vendor\\laravel\\framework\\src\\Illuminate\\Foundation\\Console\\Kernel.php(297): Illuminate\\Foundation\\Application->bootstrapWith(Array)
#8 D:\\source\\medv2\\vendor\\laravel\\framework\\src\\Illuminate\\Foundation\\Console\\Kernel.php(120): Illuminate\\Foundation\\Console\\Kernel->bootstrap()
#9 Command line code(1): Illuminate\\Foundation\\Console\\Kernel->handle(Object(Symfony\\Component\\Console\\Input\\ArgvInput), Object(Symfony\\Component\\Console\\Output\\ConsoleOutput))
#10 {main}
"} 
[2023-06-15 07:22:47] local.ERROR: Undefined index: name {"exception":"[object] (ErrorException(code: 0): Undefined index: name at D:\\source\\medv2\\vendor\\laravel\\framework\\src\\Illuminate\\Foundation\\PackageManifest.php:120)
[stacktrace]
#0 D:\\source\\medv2\\vendor\\laravel\\framework\\src\\Illuminate\\Foundation\\PackageManifest.php(120): Illuminate\\Foundation\\Bootstrap\\HandleExceptions->handleError(8, 'Undefined index...', 'D:\\\\source\\\\medv2...', 120, Array)
#1 D:\\source\\medv2\\vendor\\laravel\\framework\\src\\Illuminate\\Support\\Collection.php(988): Illuminate\\Foundation\\PackageManifest->Illuminate\\Foundation\\{closure}(Array, 'packages')
#2 D:\\source\\medv2\\vendor\\laravel\\framework\\src\\Illuminate\\Foundation\\PackageManifest.php(121): Illuminate\\Support\\Collection->mapWithKeys(Object(Closure))
#3 D:\\source\\medv2\\vendor\\laravel\\framework\\src\\Illuminate\\Foundation\\PackageManifest.php(97): Illuminate\\Foundation\\PackageManifest->build()
#4 D:\\source\\medv2\\vendor\\laravel\\framework\\src\\Illuminate\\Foundation\\PackageManifest.php(80): Illuminate\\Foundation\\PackageManifest->getManifest()
#5 D:\\source\\medv2\\vendor\\laravel\\framework\\src\\Illuminate\\Foundation\\Bootstrap\\RegisterFacades.php(26): Illuminate\\Foundation\\PackageManifest->aliases()
#6 D:\\source\\medv2\\vendor\\laravel\\framework\\src\\Illuminate\\Foundation\\Application.php(206): Illuminate\\Foundation\\Bootstrap\\RegisterFacades->bootstrap(Object(Illuminate\\Foundation\\Application))
#7 D:\\source\\medv2\\vendor\\laravel\\framework\\src\\Illuminate\\Foundation\\Console\\Kernel.php(297): Illuminate\\Foundation\\Application->bootstrapWith(Array)
#8 D:\\source\\medv2\\vendor\\laravel\\framework\\src\\Illuminate\\Foundation\\Console\\Kernel.php(120): Illuminate\\Foundation\\Console\\Kernel->bootstrap()
#9 Command line code(1): Illuminate\\Foundation\\Console\\Kernel->handle(Object(Symfony\\Component\\Console\\Input\\ArgvInput), Object(Symfony\\Component\\Console\\Output\\ConsoleOutput))
#10 {main}
"} 
[2023-06-15 07:22:47] local.ERROR: Uncaught Illuminate\Contracts\Container\BindingResolutionException: Target [Illuminate\Contracts\Auth\Access\Gate] is not instantiable. in D:\source\medv2\vendor\laravel\framework\src\Illuminate\Container\Container.php:933
Stack trace:
#0 D:\source\medv2\vendor\laravel\framework\src\Illuminate\Container\Container.php(773): Illuminate\Container\Container->notInstantiable('Illuminate\\Cont...')
#1 D:\source\medv2\vendor\laravel\framework\src\Illuminate\Container\Container.php(646): Illuminate\Container\Container->build('Illuminate\\Cont...')
#2 D:\source\medv2\vendor\laravel\framework\src\Illuminate\Container\Container.php(601): Illuminate\Container\Container->resolve('Illuminate\\Cont...', Array)
#3 D:\source\medv2\vendor\laravel\framework\src\Illuminate\Foundation\Application.php(734): Illuminate\Container\Container->make('Illuminate\\Cont...', Array)
#4 D:\source\medv2\vendor\laravel\framework\src\Illuminate\Container\Container.php(1210): Illuminate\Foundation\Application->make('Illuminate\\Cont...')
#5 D:\s {"exception":"[object] (Symfony\\Component\\Debug\\Exception\\FatalErrorException(code: 1): Uncaught Illuminate\\Contracts\\Container\\BindingResolutionException: Target [Illuminate\\Contracts\\Auth\\Access\\Gate] is not instantiable. in D:\\source\\medv2\\vendor\\laravel\\framework\\src\\Illuminate\\Container\\Container.php:933
Stack trace:
#0 D:\\source\\medv2\\vendor\\laravel\\framework\\src\\Illuminate\\Container\\Container.php(773): Illuminate\\Container\\Container->notInstantiable('Illuminate\\\\Cont...')
#1 D:\\source\\medv2\\vendor\\laravel\\framework\\src\\Illuminate\\Container\\Container.php(646): Illuminate\\Container\\Container->build('Illuminate\\\\Cont...')
#2 D:\\source\\medv2\\vendor\\laravel\\framework\\src\\Illuminate\\Container\\Container.php(601): Illuminate\\Container\\Container->resolve('Illuminate\\\\Cont...', Array)
#3 D:\\source\\medv2\\vendor\\laravel\\framework\\src\\Illuminate\\Foundation\\Application.php(734): Illuminate\\Container\\Container->make('Illuminate\\\\Cont...', Array)
#4 D:\\source\\medv2\\vendor\\laravel\\framework\\src\\Illuminate\\Container\\Container.php(1210): Illuminate\\Foundation\\Application->make('Illuminate\\\\Cont...')
#5 D:\\s at D:\\source\\medv2\\vendor\\laravel\\framework\\src\\Illuminate\\Container\\Container.php:933)
[stacktrace]
#0 {main}
"} 
[2023-06-15 07:23:47] local.ERROR: Undefined index: name {"exception":"[object] (ErrorException(code: 0): Undefined index: name at D:\\source\\medv2\\vendor\\laravel\\framework\\src\\Illuminate\\Foundation\\PackageManifest.php:120)
[stacktrace]
#0 D:\\source\\medv2\\vendor\\laravel\\framework\\src\\Illuminate\\Foundation\\PackageManifest.php(120): Illuminate\\Foundation\\Bootstrap\\HandleExceptions->handleError(8, 'Undefined index...', 'D:\\\\source\\\\medv2...', 120, Array)
#1 D:\\source\\medv2\\vendor\\laravel\\framework\\src\\Illuminate\\Support\\Collection.php(988): Illuminate\\Foundation\\PackageManifest->Illuminate\\Foundation\\{closure}(Array, 'packages')
#2 D:\\source\\medv2\\vendor\\laravel\\framework\\src\\Illuminate\\Foundation\\PackageManifest.php(121): Illuminate\\Support\\Collection->mapWithKeys(Object(Closure))
#3 D:\\source\\medv2\\vendor\\laravel\\framework\\src\\Illuminate\\Foundation\\PackageManifest.php(97): Illuminate\\Foundation\\PackageManifest->build()
#4 D:\\source\\medv2\\vendor\\laravel\\framework\\src\\Illuminate\\Foundation\\PackageManifest.php(80): Illuminate\\Foundation\\PackageManifest->getManifest()
#5 D:\\source\\medv2\\vendor\\laravel\\framework\\src\\Illuminate\\Foundation\\Bootstrap\\RegisterFacades.php(26): Illuminate\\Foundation\\PackageManifest->aliases()
#6 D:\\source\\medv2\\vendor\\laravel\\framework\\src\\Illuminate\\Foundation\\Application.php(206): Illuminate\\Foundation\\Bootstrap\\RegisterFacades->bootstrap(Object(Illuminate\\Foundation\\Application))
#7 D:\\source\\medv2\\vendor\\laravel\\framework\\src\\Illuminate\\Foundation\\Console\\Kernel.php(297): Illuminate\\Foundation\\Application->bootstrapWith(Array)
#8 D:\\source\\medv2\\vendor\\laravel\\framework\\src\\Illuminate\\Foundation\\Console\\Kernel.php(120): Illuminate\\Foundation\\Console\\Kernel->bootstrap()
#9 Command line code(1): Illuminate\\Foundation\\Console\\Kernel->handle(Object(Symfony\\Component\\Console\\Input\\ArgvInput), Object(Symfony\\Component\\Console\\Output\\ConsoleOutput))
#10 {main}
"} 
[2023-06-15 07:23:47] local.ERROR: Undefined index: name {"exception":"[object] (ErrorException(code: 0): Undefined index: name at D:\\source\\medv2\\vendor\\laravel\\framework\\src\\Illuminate\\Foundation\\PackageManifest.php:120)
[stacktrace]
#0 D:\\source\\medv2\\vendor\\laravel\\framework\\src\\Illuminate\\Foundation\\PackageManifest.php(120): Illuminate\\Foundation\\Bootstrap\\HandleExceptions->handleError(8, 'Undefined index...', 'D:\\\\source\\\\medv2...', 120, Array)
#1 D:\\source\\medv2\\vendor\\laravel\\framework\\src\\Illuminate\\Support\\Collection.php(988): Illuminate\\Foundation\\PackageManifest->Illuminate\\Foundation\\{closure}(Array, 'packages')
#2 D:\\source\\medv2\\vendor\\laravel\\framework\\src\\Illuminate\\Foundation\\PackageManifest.php(121): Illuminate\\Support\\Collection->mapWithKeys(Object(Closure))
#3 D:\\source\\medv2\\vendor\\laravel\\framework\\src\\Illuminate\\Foundation\\PackageManifest.php(97): Illuminate\\Foundation\\PackageManifest->build()
#4 D:\\source\\medv2\\vendor\\laravel\\framework\\src\\Illuminate\\Foundation\\PackageManifest.php(80): Illuminate\\Foundation\\PackageManifest->getManifest()
#5 D:\\source\\medv2\\vendor\\laravel\\framework\\src\\Illuminate\\Foundation\\Bootstrap\\RegisterFacades.php(26): Illuminate\\Foundation\\PackageManifest->aliases()
#6 D:\\source\\medv2\\vendor\\laravel\\framework\\src\\Illuminate\\Foundation\\Application.php(206): Illuminate\\Foundation\\Bootstrap\\RegisterFacades->bootstrap(Object(Illuminate\\Foundation\\Application))
#7 D:\\source\\medv2\\vendor\\laravel\\framework\\src\\Illuminate\\Foundation\\Console\\Kernel.php(297): Illuminate\\Foundation\\Application->bootstrapWith(Array)
#8 D:\\source\\medv2\\vendor\\laravel\\framework\\src\\Illuminate\\Foundation\\Console\\Kernel.php(120): Illuminate\\Foundation\\Console\\Kernel->bootstrap()
#9 Command line code(1): Illuminate\\Foundation\\Console\\Kernel->handle(Object(Symfony\\Component\\Console\\Input\\ArgvInput), Object(Symfony\\Component\\Console\\Output\\ConsoleOutput))
#10 {main}
"} 
[2023-06-15 07:23:47] local.ERROR: Uncaught Illuminate\Contracts\Container\BindingResolutionException: Target [Illuminate\Contracts\Auth\Access\Gate] is not instantiable. in D:\source\medv2\vendor\laravel\framework\src\Illuminate\Container\Container.php:933
Stack trace:
#0 D:\source\medv2\vendor\laravel\framework\src\Illuminate\Container\Container.php(773): Illuminate\Container\Container->notInstantiable('Illuminate\\Cont...')
#1 D:\source\medv2\vendor\laravel\framework\src\Illuminate\Container\Container.php(646): Illuminate\Container\Container->build('Illuminate\\Cont...')
#2 D:\source\medv2\vendor\laravel\framework\src\Illuminate\Container\Container.php(601): Illuminate\Container\Container->resolve('Illuminate\\Cont...', Array)
#3 D:\source\medv2\vendor\laravel\framework\src\Illuminate\Foundation\Application.php(734): Illuminate\Container\Container->make('Illuminate\\Cont...', Array)
#4 D:\source\medv2\vendor\laravel\framework\src\Illuminate\Container\Container.php(1210): Illuminate\Foundation\Application->make('Illuminate\\Cont...')
#5 D:\s {"exception":"[object] (Symfony\\Component\\Debug\\Exception\\FatalErrorException(code: 1): Uncaught Illuminate\\Contracts\\Container\\BindingResolutionException: Target [Illuminate\\Contracts\\Auth\\Access\\Gate] is not instantiable. in D:\\source\\medv2\\vendor\\laravel\\framework\\src\\Illuminate\\Container\\Container.php:933
Stack trace:
#0 D:\\source\\medv2\\vendor\\laravel\\framework\\src\\Illuminate\\Container\\Container.php(773): Illuminate\\Container\\Container->notInstantiable('Illuminate\\\\Cont...')
#1 D:\\source\\medv2\\vendor\\laravel\\framework\\src\\Illuminate\\Container\\Container.php(646): Illuminate\\Container\\Container->build('Illuminate\\\\Cont...')
#2 D:\\source\\medv2\\vendor\\laravel\\framework\\src\\Illuminate\\Container\\Container.php(601): Illuminate\\Container\\Container->resolve('Illuminate\\\\Cont...', Array)
#3 D:\\source\\medv2\\vendor\\laravel\\framework\\src\\Illuminate\\Foundation\\Application.php(734): Illuminate\\Container\\Container->make('Illuminate\\\\Cont...', Array)
#4 D:\\source\\medv2\\vendor\\laravel\\framework\\src\\Illuminate\\Container\\Container.php(1210): Illuminate\\Foundation\\Application->make('Illuminate\\\\Cont...')
#5 D:\\s at D:\\source\\medv2\\vendor\\laravel\\framework\\src\\Illuminate\\Container\\Container.php:933)
[stacktrace]
#0 {main}
"} 
[2023-06-15 07:24:47] local.ERROR: Undefined index: name {"exception":"[object] (ErrorException(code: 0): Undefined index: name at D:\\source\\medv2\\vendor\\laravel\\framework\\src\\Illuminate\\Foundation\\PackageManifest.php:120)
[stacktrace]
#0 D:\\source\\medv2\\vendor\\laravel\\framework\\src\\Illuminate\\Foundation\\PackageManifest.php(120): Illuminate\\Foundation\\Bootstrap\\HandleExceptions->handleError(8, 'Undefined index...', 'D:\\\\source\\\\medv2...', 120, Array)
#1 D:\\source\\medv2\\vendor\\laravel\\framework\\src\\Illuminate\\Support\\Collection.php(988): Illuminate\\Foundation\\PackageManifest->Illuminate\\Foundation\\{closure}(Array, 'packages')
#2 D:\\source\\medv2\\vendor\\laravel\\framework\\src\\Illuminate\\Foundation\\PackageManifest.php(121): Illuminate\\Support\\Collection->mapWithKeys(Object(Closure))
#3 D:\\source\\medv2\\vendor\\laravel\\framework\\src\\Illuminate\\Foundation\\PackageManifest.php(97): Illuminate\\Foundation\\PackageManifest->build()
#4 D:\\source\\medv2\\vendor\\laravel\\framework\\src\\Illuminate\\Foundation\\PackageManifest.php(80): Illuminate\\Foundation\\PackageManifest->getManifest()
#5 D:\\source\\medv2\\vendor\\laravel\\framework\\src\\Illuminate\\Foundation\\Bootstrap\\RegisterFacades.php(26): Illuminate\\Foundation\\PackageManifest->aliases()
#6 D:\\source\\medv2\\vendor\\laravel\\framework\\src\\Illuminate\\Foundation\\Application.php(206): Illuminate\\Foundation\\Bootstrap\\RegisterFacades->bootstrap(Object(Illuminate\\Foundation\\Application))
#7 D:\\source\\medv2\\vendor\\laravel\\framework\\src\\Illuminate\\Foundation\\Console\\Kernel.php(297): Illuminate\\Foundation\\Application->bootstrapWith(Array)
#8 D:\\source\\medv2\\vendor\\laravel\\framework\\src\\Illuminate\\Foundation\\Console\\Kernel.php(120): Illuminate\\Foundation\\Console\\Kernel->bootstrap()
#9 Command line code(1): Illuminate\\Foundation\\Console\\Kernel->handle(Object(Symfony\\Component\\Console\\Input\\ArgvInput), Object(Symfony\\Component\\Console\\Output\\ConsoleOutput))
#10 {main}
"} 
[2023-06-15 07:24:47] local.ERROR: Uncaught Illuminate\Contracts\Container\BindingResolutionException: Target [Illuminate\Contracts\Auth\Access\Gate] is not instantiable. in D:\source\medv2\vendor\laravel\framework\src\Illuminate\Container\Container.php:933
Stack trace:
#0 D:\source\medv2\vendor\laravel\framework\src\Illuminate\Container\Container.php(773): Illuminate\Container\Container->notInstantiable('Illuminate\\Cont...')
#1 D:\source\medv2\vendor\laravel\framework\src\Illuminate\Container\Container.php(646): Illuminate\Container\Container->build('Illuminate\\Cont...')
#2 D:\source\medv2\vendor\laravel\framework\src\Illuminate\Container\Container.php(601): Illuminate\Container\Container->resolve('Illuminate\\Cont...', Array)
#3 D:\source\medv2\vendor\laravel\framework\src\Illuminate\Foundation\Application.php(734): Illuminate\Container\Container->make('Illuminate\\Cont...', Array)
#4 D:\source\medv2\vendor\laravel\framework\src\Illuminate\Container\Container.php(1210): Illuminate\Foundation\Application->make('Illuminate\\Cont...')
#5 D:\s {"exception":"[object] (Symfony\\Component\\Debug\\Exception\\FatalErrorException(code: 1): Uncaught Illuminate\\Contracts\\Container\\BindingResolutionException: Target [Illuminate\\Contracts\\Auth\\Access\\Gate] is not instantiable. in D:\\source\\medv2\\vendor\\laravel\\framework\\src\\Illuminate\\Container\\Container.php:933
Stack trace:
#0 D:\\source\\medv2\\vendor\\laravel\\framework\\src\\Illuminate\\Container\\Container.php(773): Illuminate\\Container\\Container->notInstantiable('Illuminate\\\\Cont...')
#1 D:\\source\\medv2\\vendor\\laravel\\framework\\src\\Illuminate\\Container\\Container.php(646): Illuminate\\Container\\Container->build('Illuminate\\\\Cont...')
#2 D:\\source\\medv2\\vendor\\laravel\\framework\\src\\Illuminate\\Container\\Container.php(601): Illuminate\\Container\\Container->resolve('Illuminate\\\\Cont...', Array)
#3 D:\\source\\medv2\\vendor\\laravel\\framework\\src\\Illuminate\\Foundation\\Application.php(734): Illuminate\\Container\\Container->make('Illuminate\\\\Cont...', Array)
#4 D:\\source\\medv2\\vendor\\laravel\\framework\\src\\Illuminate\\Container\\Container.php(1210): Illuminate\\Foundation\\Application->make('Illuminate\\\\Cont...')
#5 D:\\s at D:\\source\\medv2\\vendor\\laravel\\framework\\src\\Illuminate\\Container\\Container.php:933)
[stacktrace]
#0 {main}
"} 
